<?xml version="1.0" encoding="UTF-8"?>
<!-- Generated by org.testng.reporters.JUnitReportReporter -->
<testsuite hostname="DESKTOP-PQAQEE1" failures="0" tests="3" name="taskPage.TestCase_002_1$TestCase_001_2" time="60.096" errors="3" timestamp="30 Aug 2022 11:09:13 GMT" skipped="0">
  <testcase classname="taskPage.TestCase_002_1$TestCase_001_2" name="LinkShouldRedirectToTaskPageTC0021" time="0.032">
    <error message="Cannot invoke &quot;com.microsoft.playwright.Page.fill(String, String)&quot; because &quot;this.page&quot; is null" type="java.lang.NullPointerException">
      <![CDATA[java.lang.NullPointerException: Cannot invoke "com.microsoft.playwright.Page.fill(String, String)" because "this.page" is null
at PageObjects.LoginPage.loginWithValidCredentials(LoginPage.java:30)
at loginPageTest.TestCase_001_1.loginWithValidCredentialsTC_00011(TestCase_001_1.java:25)
at taskPage.TestCase_002_1$TestCase_001_2.LinkShouldRedirectToTaskPageTC0021(TestCase_002_1.java:36)
at java.base/jdk.internal.reflect.DirectMethodHandleAccessor.invoke(DirectMethodHandleAccessor.java:104)
at java.base/java.lang.reflect.Method.invoke(Method.java:577)
at org.testng.internal.MethodInvocationHelper.invokeMethod(MethodInvocationHelper.java:124)
at org.testng.internal.Invoker.invokeMethod(Invoker.java:583)
at org.testng.internal.Invoker.invokeTestMethod(Invoker.java:719)
at org.testng.internal.Invoker.invokeTestMethods(Invoker.java:989)
at org.testng.internal.TestMethodWorker.invokeTestMethods(TestMethodWorker.java:125)
at org.testng.internal.TestMethodWorker.run(TestMethodWorker.java:109)
at org.testng.TestRunner.privateRun(TestRunner.java:648)
at org.testng.TestRunner.run(TestRunner.java:505)
at org.testng.SuiteRunner.runTest(SuiteRunner.java:455)
at org.testng.SuiteRunner.runSequentially(SuiteRunner.java:450)
at org.testng.SuiteRunner.privateRun(SuiteRunner.java:415)
at org.testng.SuiteRunner.run(SuiteRunner.java:364)
at org.testng.SuiteRunnerWorker.runSuite(SuiteRunnerWorker.java:52)
at org.testng.SuiteRunnerWorker.run(SuiteRunnerWorker.java:84)
at org.testng.TestNG.runSuitesSequentially(TestNG.java:1208)
at org.testng.TestNG.runSuitesLocally(TestNG.java:1137)
at org.testng.TestNG.runSuites(TestNG.java:1049)
at org.testng.TestNG.run(TestNG.java:1017)
at org.testng.remote.AbstractRemoteTestNG.run(AbstractRemoteTestNG.java:115)
at org.testng.remote.RemoteTestNG.initAndRun(RemoteTestNG.java:251)
at org.testng.remote.RemoteTestNG.main(RemoteTestNG.java:77)
]]>
    </error>
  </testcase> <!-- LinkShouldRedirectToTaskPageTC0021 -->
  <testcase classname="taskPage.TestCase_002_1$TestCase_001_2" name="CreatNewTaskTC0022" time="30.031">
    <error message="Error {
  message=&#039;Timeout 30000ms exceeded.
=========================== logs ===========================
waiting for selector &quot;[data-testid=&#039;add-task&#039;]&quot;
============================================================
  name=&#039;TimeoutError
  stack=&#039;TimeoutError: Timeout 30000ms exceeded.
=========================== logs ===========================
waiting for selector &quot;[data-testid=&#039;add-task&#039;]&quot;
============================================================
    at ProgressController.run (C:\Users\hp\AppData\Local\Temp\playwright-java-15719980647215459536\package\lib\server\progress.js:96:26)
    at Frame.click (C:\Users\hp\AppData\Local\Temp\playwright-java-15719980647215459536\package\lib\server\frames.js:1197:23)
    at FrameDispatcher.click (C:\Users\hp\AppData\Local\Temp\playwright-java-15719980647215459536\package\lib\server\dispatchers\frameDispatcher.js:173:30)
    at DispatcherConnection.dispatch (C:\Users\hp\AppData\Local\Temp\playwright-java-15719980647215459536\package\lib\server\dispatchers\dispatcher.js:397:46)
}" type="com.microsoft.playwright.TimeoutError">
      <![CDATA[com.microsoft.playwright.TimeoutError: Error {
  message='Timeout 30000ms exceeded.
=========================== logs ===========================
waiting for selector "[data-testid='add-task']"
============================================================
  name='TimeoutError
  stack='TimeoutError: Timeout 30000ms exceeded.
=========================== logs ===========================
waiting for selector "[data-testid='add-task']"
============================================================
    at ProgressController.run (C:\Users\hp\AppData\Local\Temp\playwright-java-15719980647215459536\package\lib\server\progress.js:96:26)
    at Frame.click (C:\Users\hp\AppData\Local\Temp\playwright-java-15719980647215459536\package\lib\server\frames.js:1197:23)
    at FrameDispatcher.click (C:\Users\hp\AppData\Local\Temp\playwright-java-15719980647215459536\package\lib\server\dispatchers\frameDispatcher.js:173:30)
    at DispatcherConnection.dispatch (C:\Users\hp\AppData\Local\Temp\playwright-java-15719980647215459536\package\lib\server\dispatchers\dispatcher.js:397:46)
}
at com.microsoft.playwright.impl.WaitableResult.get(WaitableResult.java:52)
at com.microsoft.playwright.impl.ChannelOwner.runUntil(ChannelOwner.java:109)
at com.microsoft.playwright.impl.Connection.sendMessage(Connection.java:108)
at com.microsoft.playwright.impl.ChannelOwner.sendMessage(ChannelOwner.java:100)
at com.microsoft.playwright.impl.FrameImpl.clickImpl(FrameImpl.java:255)
at com.microsoft.playwright.impl.PageImpl.lambda$click$17(PageImpl.java:626)
at com.microsoft.playwright.impl.LoggingSupport.lambda$withLogging$0(LoggingSupport.java:36)
at com.microsoft.playwright.impl.LoggingSupport.withLogging(LoggingSupport.java:47)
at com.microsoft.playwright.impl.ChannelOwner.withLogging(ChannelOwner.java:85)
at com.microsoft.playwright.impl.LoggingSupport.withLogging(LoggingSupport.java:35)
at com.microsoft.playwright.impl.PageImpl.click(PageImpl.java:625)
at com.microsoft.playwright.Page.click(Page.java:3370)
at PageObjects.TaskPage.CreateTask(TaskPage.java:38)
at taskPage.TestCase_002_1$TestCase_001_2.CreatNewTaskTC0022(TestCase_002_1.java:43)
at java.base/jdk.internal.reflect.DirectMethodHandleAccessor.invoke(DirectMethodHandleAccessor.java:104)
at java.base/java.lang.reflect.Method.invoke(Method.java:577)
at org.testng.internal.MethodInvocationHelper.invokeMethod(MethodInvocationHelper.java:124)
at org.testng.internal.Invoker.invokeMethod(Invoker.java:583)
at org.testng.internal.Invoker.invokeTestMethod(Invoker.java:719)
at org.testng.internal.Invoker.invokeTestMethods(Invoker.java:989)
at org.testng.internal.TestMethodWorker.invokeTestMethods(TestMethodWorker.java:125)
at org.testng.internal.TestMethodWorker.run(TestMethodWorker.java:109)
at org.testng.TestRunner.privateRun(TestRunner.java:648)
at org.testng.TestRunner.run(TestRunner.java:505)
at org.testng.SuiteRunner.runTest(SuiteRunner.java:455)
at org.testng.SuiteRunner.runSequentially(SuiteRunner.java:450)
at org.testng.SuiteRunner.privateRun(SuiteRunner.java:415)
at org.testng.SuiteRunner.run(SuiteRunner.java:364)
at org.testng.SuiteRunnerWorker.runSuite(SuiteRunnerWorker.java:52)
at org.testng.SuiteRunnerWorker.run(SuiteRunnerWorker.java:84)
at org.testng.TestNG.runSuitesSequentially(TestNG.java:1208)
at org.testng.TestNG.runSuitesLocally(TestNG.java:1137)
at org.testng.TestNG.runSuites(TestNG.java:1049)
at org.testng.TestNG.run(TestNG.java:1017)
at org.testng.remote.AbstractRemoteTestNG.run(AbstractRemoteTestNG.java:115)
at org.testng.remote.RemoteTestNG.initAndRun(RemoteTestNG.java:251)
at org.testng.remote.RemoteTestNG.main(RemoteTestNG.java:77)
Caused by: com.microsoft.playwright.TimeoutError: Error {
  message='Timeout 30000ms exceeded.
=========================== logs ===========================
waiting for selector "[data-testid='add-task']"
============================================================
  name='TimeoutError
  stack='TimeoutError: Timeout 30000ms exceeded.
=========================== logs ===========================
waiting for selector "[data-testid='add-task']"
============================================================
    at ProgressController.run (C:\Users\hp\AppData\Local\Temp\playwright-java-15719980647215459536\package\lib\server\progress.js:96:26)
    at Frame.click (C:\Users\hp\AppData\Local\Temp\playwright-java-15719980647215459536\package\lib\server\frames.js:1197:23)
    at FrameDispatcher.click (C:\Users\hp\AppData\Local\Temp\playwright-java-15719980647215459536\package\lib\server\dispatchers\frameDispatcher.js:173:30)
    at DispatcherConnection.dispatch (C:\Users\hp\AppData\Local\Temp\playwright-java-15719980647215459536\package\lib\server\dispatchers\dispatcher.js:397:46)
}
at com.microsoft.playwright.impl.Connection.dispatch(Connection.java:188)
at com.microsoft.playwright.impl.Connection.processOneMessage(Connection.java:170)
at com.microsoft.playwright.impl.ChannelOwner.runUntil(ChannelOwner.java:107)
... 35 more
]]>
    </error>
  </testcase> <!-- CreatNewTaskTC0022 -->
  <testcase classname="taskPage.TestCase_002_1$TestCase_001_2" name="taskWithoutDescriptionTC0023" time="30.033">
    <error message="Error {
  message=&#039;Timeout 30000ms exceeded.
=========================== logs ===========================
waiting for selector &quot;[data-testid=&#039;add-task&#039;]&quot;
============================================================
  name=&#039;TimeoutError
  stack=&#039;TimeoutError: Timeout 30000ms exceeded.
=========================== logs ===========================
waiting for selector &quot;[data-testid=&#039;add-task&#039;]&quot;
============================================================
    at ProgressController.run (C:\Users\hp\AppData\Local\Temp\playwright-java-15719980647215459536\package\lib\server\progress.js:96:26)
    at Frame.click (C:\Users\hp\AppData\Local\Temp\playwright-java-15719980647215459536\package\lib\server\frames.js:1197:23)
    at FrameDispatcher.click (C:\Users\hp\AppData\Local\Temp\playwright-java-15719980647215459536\package\lib\server\dispatchers\frameDispatcher.js:173:30)
    at DispatcherConnection.dispatch (C:\Users\hp\AppData\Local\Temp\playwright-java-15719980647215459536\package\lib\server\dispatchers\dispatcher.js:397:46)
}" type="com.microsoft.playwright.TimeoutError">
      <![CDATA[com.microsoft.playwright.TimeoutError: Error {
  message='Timeout 30000ms exceeded.
=========================== logs ===========================
waiting for selector "[data-testid='add-task']"
============================================================
  name='TimeoutError
  stack='TimeoutError: Timeout 30000ms exceeded.
=========================== logs ===========================
waiting for selector "[data-testid='add-task']"
============================================================
    at ProgressController.run (C:\Users\hp\AppData\Local\Temp\playwright-java-15719980647215459536\package\lib\server\progress.js:96:26)
    at Frame.click (C:\Users\hp\AppData\Local\Temp\playwright-java-15719980647215459536\package\lib\server\frames.js:1197:23)
    at FrameDispatcher.click (C:\Users\hp\AppData\Local\Temp\playwright-java-15719980647215459536\package\lib\server\dispatchers\frameDispatcher.js:173:30)
    at DispatcherConnection.dispatch (C:\Users\hp\AppData\Local\Temp\playwright-java-15719980647215459536\package\lib\server\dispatchers\dispatcher.js:397:46)
}
at com.microsoft.playwright.impl.WaitableResult.get(WaitableResult.java:52)
at com.microsoft.playwright.impl.ChannelOwner.runUntil(ChannelOwner.java:109)
at com.microsoft.playwright.impl.Connection.sendMessage(Connection.java:108)
at com.microsoft.playwright.impl.ChannelOwner.sendMessage(ChannelOwner.java:100)
at com.microsoft.playwright.impl.FrameImpl.clickImpl(FrameImpl.java:255)
at com.microsoft.playwright.impl.PageImpl.lambda$click$17(PageImpl.java:626)
at com.microsoft.playwright.impl.LoggingSupport.lambda$withLogging$0(LoggingSupport.java:36)
at com.microsoft.playwright.impl.LoggingSupport.withLogging(LoggingSupport.java:47)
at com.microsoft.playwright.impl.ChannelOwner.withLogging(ChannelOwner.java:85)
at com.microsoft.playwright.impl.LoggingSupport.withLogging(LoggingSupport.java:35)
at com.microsoft.playwright.impl.PageImpl.click(PageImpl.java:625)
at com.microsoft.playwright.Page.click(Page.java:3370)
at PageObjects.TaskPage.CreateTaskWithoutDescritpption(TaskPage.java:66)
at taskPage.TestCase_002_1$TestCase_001_2.taskWithoutDescriptionTC0023(TestCase_002_1.java:48)
at java.base/jdk.internal.reflect.DirectMethodHandleAccessor.invoke(DirectMethodHandleAccessor.java:104)
at java.base/java.lang.reflect.Method.invoke(Method.java:577)
at org.testng.internal.MethodInvocationHelper.invokeMethod(MethodInvocationHelper.java:124)
at org.testng.internal.Invoker.invokeMethod(Invoker.java:583)
at org.testng.internal.Invoker.invokeTestMethod(Invoker.java:719)
at org.testng.internal.Invoker.invokeTestMethods(Invoker.java:989)
at org.testng.internal.TestMethodWorker.invokeTestMethods(TestMethodWorker.java:125)
at org.testng.internal.TestMethodWorker.run(TestMethodWorker.java:109)
at org.testng.TestRunner.privateRun(TestRunner.java:648)
at org.testng.TestRunner.run(TestRunner.java:505)
at org.testng.SuiteRunner.runTest(SuiteRunner.java:455)
at org.testng.SuiteRunner.runSequentially(SuiteRunner.java:450)
at org.testng.SuiteRunner.privateRun(SuiteRunner.java:415)
at org.testng.SuiteRunner.run(SuiteRunner.java:364)
at org.testng.SuiteRunnerWorker.runSuite(SuiteRunnerWorker.java:52)
at org.testng.SuiteRunnerWorker.run(SuiteRunnerWorker.java:84)
at org.testng.TestNG.runSuitesSequentially(TestNG.java:1208)
at org.testng.TestNG.runSuitesLocally(TestNG.java:1137)
at org.testng.TestNG.runSuites(TestNG.java:1049)
at org.testng.TestNG.run(TestNG.java:1017)
at org.testng.remote.AbstractRemoteTestNG.run(AbstractRemoteTestNG.java:115)
at org.testng.remote.RemoteTestNG.initAndRun(RemoteTestNG.java:251)
at org.testng.remote.RemoteTestNG.main(RemoteTestNG.java:77)
Caused by: com.microsoft.playwright.TimeoutError: Error {
  message='Timeout 30000ms exceeded.
=========================== logs ===========================
waiting for selector "[data-testid='add-task']"
============================================================
  name='TimeoutError
  stack='TimeoutError: Timeout 30000ms exceeded.
=========================== logs ===========================
waiting for selector "[data-testid='add-task']"
============================================================
    at ProgressController.run (C:\Users\hp\AppData\Local\Temp\playwright-java-15719980647215459536\package\lib\server\progress.js:96:26)
    at Frame.click (C:\Users\hp\AppData\Local\Temp\playwright-java-15719980647215459536\package\lib\server\frames.js:1197:23)
    at FrameDispatcher.click (C:\Users\hp\AppData\Local\Temp\playwright-java-15719980647215459536\package\lib\server\dispatchers\frameDispatcher.js:173:30)
    at DispatcherConnection.dispatch (C:\Users\hp\AppData\Local\Temp\playwright-java-15719980647215459536\package\lib\server\dispatchers\dispatcher.js:397:46)
}
at com.microsoft.playwright.impl.Connection.dispatch(Connection.java:188)
at com.microsoft.playwright.impl.Connection.processOneMessage(Connection.java:170)
at com.microsoft.playwright.impl.ChannelOwner.runUntil(ChannelOwner.java:107)
... 35 more
]]>
    </error>
  </testcase> <!-- taskWithoutDescriptionTC0023 -->
</testsuite> <!-- taskPage.TestCase_002_1$TestCase_001_2 -->
