<?xml version="1.0" encoding="UTF-8"?>
<!-- Generated by org.testng.reporters.JUnitReportReporter -->
<testsuite hostname="DESKTOP-PQAQEE1" failures="0" tests="1" name="loginPageTest.TestCase_001_1" time="0.497" errors="0" timestamp="30 Aug 2022 11:33:24 GMT" skipped="0">
  <testcase classname="loginPageTest.TestCase_001_1" name="loginWithinvalidUserNameTC_00012" time="0.497"/>
</testsuite> <!-- loginPageTest.TestCase_001_1 -->
