<?xml version="1.0" encoding="UTF-8"?>
<!-- Generated by org.testng.reporters.JUnitReportReporter -->
<testsuite hostname="DESKTOP-PQAQEE1" failures="0" tests="6" name="taskPage.TestCase_002_1" time="110.183" errors="2" timestamp="2022-09-04T10:33:37 WAT" skipped="0">
  <testcase classname="taskPage.TestCase_002_1" name="LinkShouldRedirectToTaskPageTC0021" time="42.342"/>
  <system-out/>
  <testcase classname="taskPage.TestCase_002_1" name="CreatNewTaskTC0022" time="2.039"/>
  <system-out/>
  <testcase classname="taskPage.TestCase_002_1" name="taskWithoutDescriptionTC0023" time="31.658">
    <error message="Error {
  message=&#039;Timeout 30000ms exceeded.
=========================== logs ===========================
waiting for selector &quot;text=Required&quot;
============================================================
  name=&#039;TimeoutError
  stack=&#039;TimeoutError: Timeout 30000ms exceeded.
=========================== logs ===========================
waiting for selector &quot;text=Required&quot;
============================================================
    at ProgressController.run (C:\Users\hp\AppData\Local\Temp\playwright-java-4163475590126211703\package\lib\server\progress.js:96:26)
    at Frame._scheduleRerunnableTask (C:\Users\hp\AppData\Local\Temp\playwright-java-4163475590126211703\package\lib\server\frames.js:1572:23)
    at Frame.textContent (C:\Users\hp\AppData\Local\Temp\playwright-java-4163475590126211703\package\lib\server\frames.js:1256:17)
    at FrameDispatcher.textContent (C:\Users\hp\AppData\Local\Temp\playwright-java-4163475590126211703\package\lib\server\dispatchers\frameDispatcher.js:197:37)
    at DispatcherConnection.dispatch (C:\Users\hp\AppData\Local\Temp\playwright-java-4163475590126211703\package\lib\server\dispatchers\dispatcher.js:397:46)
}" type="com.microsoft.playwright.TimeoutError">
      <![CDATA[com.microsoft.playwright.TimeoutError: Error {
  message='Timeout 30000ms exceeded.
=========================== logs ===========================
waiting for selector "text=Required"
============================================================
  name='TimeoutError
  stack='TimeoutError: Timeout 30000ms exceeded.
=========================== logs ===========================
waiting for selector "text=Required"
============================================================
    at ProgressController.run (C:\Users\hp\AppData\Local\Temp\playwright-java-4163475590126211703\package\lib\server\progress.js:96:26)
    at Frame._scheduleRerunnableTask (C:\Users\hp\AppData\Local\Temp\playwright-java-4163475590126211703\package\lib\server\frames.js:1572:23)
    at Frame.textContent (C:\Users\hp\AppData\Local\Temp\playwright-java-4163475590126211703\package\lib\server\frames.js:1256:17)
    at FrameDispatcher.textContent (C:\Users\hp\AppData\Local\Temp\playwright-java-4163475590126211703\package\lib\server\dispatchers\frameDispatcher.js:197:37)
    at DispatcherConnection.dispatch (C:\Users\hp\AppData\Local\Temp\playwright-java-4163475590126211703\package\lib\server\dispatchers\dispatcher.js:397:46)
}
at com.microsoft.playwright.impl.WaitableResult.get(WaitableResult.java:52)
at com.microsoft.playwright.impl.ChannelOwner.runUntil(ChannelOwner.java:109)
at com.microsoft.playwright.impl.Connection.sendMessage(Connection.java:108)
at com.microsoft.playwright.impl.ChannelOwner.sendMessage(ChannelOwner.java:100)
at com.microsoft.playwright.impl.FrameImpl.textContentImpl(FrameImpl.java:748)
at com.microsoft.playwright.impl.PageImpl.lambda$textContent$65(PageImpl.java:1171)
at com.microsoft.playwright.impl.LoggingSupport.withLogging(LoggingSupport.java:47)
at com.microsoft.playwright.impl.ChannelOwner.withLogging(ChannelOwner.java:85)
at com.microsoft.playwright.impl.PageImpl.textContent(PageImpl.java:1170)
at com.microsoft.playwright.Page.textContent(Page.java:5856)
at PageObjects.TaskPage.RequiredTxt(TaskPage.java:79)
at taskPage.TestCase_002_1.taskWithoutDescriptionTC0023(TestCase_002_1.java:50)
at java.base/jdk.internal.reflect.DirectMethodHandleAccessor.invoke(DirectMethodHandleAccessor.java:104)
at java.base/java.lang.reflect.Method.invoke(Method.java:577)
at org.testng.internal.MethodInvocationHelper.invokeMethod(MethodInvocationHelper.java:133)
at org.testng.internal.TestInvoker.invokeMethod(TestInvoker.java:598)
at org.testng.internal.TestInvoker.invokeTestMethod(TestInvoker.java:173)
at org.testng.internal.MethodRunner.runInSequence(MethodRunner.java:46)
at org.testng.internal.TestInvoker$MethodInvocationAgent.invoke(TestInvoker.java:824)
at org.testng.internal.TestInvoker.invokeTestMethods(TestInvoker.java:146)
at org.testng.internal.TestMethodWorker.invokeTestMethods(TestMethodWorker.java:146)
at org.testng.internal.TestMethodWorker.run(TestMethodWorker.java:128)
at java.base/java.util.ArrayList.forEach(ArrayList.java:1511)
at org.testng.TestRunner.privateRun(TestRunner.java:794)
at org.testng.TestRunner.run(TestRunner.java:596)
at org.testng.SuiteRunner.runTest(SuiteRunner.java:377)
at org.testng.SuiteRunner.runSequentially(SuiteRunner.java:371)
at org.testng.SuiteRunner.privateRun(SuiteRunner.java:332)
at org.testng.SuiteRunner.run(SuiteRunner.java:276)
at org.testng.SuiteRunnerWorker.runSuite(SuiteRunnerWorker.java:53)
at org.testng.SuiteRunnerWorker.run(SuiteRunnerWorker.java:96)
at org.testng.TestNG.runSuitesSequentially(TestNG.java:1212)
at org.testng.TestNG.runSuitesLocally(TestNG.java:1134)
at org.testng.TestNG.runSuites(TestNG.java:1063)
at org.testng.TestNG.run(TestNG.java:1031)
at org.testng.remote.AbstractRemoteTestNG.run(AbstractRemoteTestNG.java:115)
at org.testng.remote.RemoteTestNG.initAndRun(RemoteTestNG.java:251)
at org.testng.remote.RemoteTestNG.main(RemoteTestNG.java:77)
Caused by: com.microsoft.playwright.TimeoutError: Error {
  message='Timeout 30000ms exceeded.
=========================== logs ===========================
waiting for selector "text=Required"
============================================================
  name='TimeoutError
  stack='TimeoutError: Timeout 30000ms exceeded.
=========================== logs ===========================
waiting for selector "text=Required"
============================================================
    at ProgressController.run (C:\Users\hp\AppData\Local\Temp\playwright-java-4163475590126211703\package\lib\server\progress.js:96:26)
    at Frame._scheduleRerunnableTask (C:\Users\hp\AppData\Local\Temp\playwright-java-4163475590126211703\package\lib\server\frames.js:1572:23)
    at Frame.textContent (C:\Users\hp\AppData\Local\Temp\playwright-java-4163475590126211703\package\lib\server\frames.js:1256:17)
    at FrameDispatcher.textContent (C:\Users\hp\AppData\Local\Temp\playwright-java-4163475590126211703\package\lib\server\dispatchers\frameDispatcher.js:197:37)
    at DispatcherConnection.dispatch (C:\Users\hp\AppData\Local\Temp\playwright-java-4163475590126211703\package\lib\server\dispatchers\dispatcher.js:397:46)
}
at com.microsoft.playwright.impl.Connection.dispatch(Connection.java:188)
at com.microsoft.playwright.impl.Connection.processOneMessage(Connection.java:170)
at com.microsoft.playwright.impl.ChannelOwner.runUntil(ChannelOwner.java:107)
... 36 more
]]>
    </error>
  </testcase> <!-- taskWithoutDescriptionTC0023 -->
  <system-out/>
  <testcase classname="taskPage.TestCase_002_1" name="CreateTaskFoAPastDateTC0024" time="31.792">
    <error message="Error {
  message=&#039;Timeout 30000ms exceeded.
=========================== logs ===========================
waiting for selector &quot;TaskToBeDone&quot;
============================================================
  name=&#039;TimeoutError
  stack=&#039;TimeoutError: Timeout 30000ms exceeded.
=========================== logs ===========================
waiting for selector &quot;TaskToBeDone&quot;
============================================================
    at ProgressController.run (C:\Users\hp\AppData\Local\Temp\playwright-java-4163475590126211703\package\lib\server\progress.js:96:26)
    at Frame.hover (C:\Users\hp\AppData\Local\Temp\playwright-java-4163475590126211703\package\lib\server\frames.js:1362:23)
    at FrameDispatcher.hover (C:\Users\hp\AppData\Local\Temp\playwright-java-4163475590126211703\package\lib\server\dispatchers\frameDispatcher.js:266:30)
    at DispatcherConnection.dispatch (C:\Users\hp\AppData\Local\Temp\playwright-java-4163475590126211703\package\lib\server\dispatchers\dispatcher.js:397:46)
}" type="com.microsoft.playwright.TimeoutError">
      <![CDATA[com.microsoft.playwright.TimeoutError: Error {
  message='Timeout 30000ms exceeded.
=========================== logs ===========================
waiting for selector "TaskToBeDone"
============================================================
  name='TimeoutError
  stack='TimeoutError: Timeout 30000ms exceeded.
=========================== logs ===========================
waiting for selector "TaskToBeDone"
============================================================
    at ProgressController.run (C:\Users\hp\AppData\Local\Temp\playwright-java-4163475590126211703\package\lib\server\progress.js:96:26)
    at Frame.hover (C:\Users\hp\AppData\Local\Temp\playwright-java-4163475590126211703\package\lib\server\frames.js:1362:23)
    at FrameDispatcher.hover (C:\Users\hp\AppData\Local\Temp\playwright-java-4163475590126211703\package\lib\server\dispatchers\frameDispatcher.js:266:30)
    at DispatcherConnection.dispatch (C:\Users\hp\AppData\Local\Temp\playwright-java-4163475590126211703\package\lib\server\dispatchers\dispatcher.js:397:46)
}
at com.microsoft.playwright.impl.WaitableResult.get(WaitableResult.java:52)
at com.microsoft.playwright.impl.ChannelOwner.runUntil(ChannelOwner.java:109)
at com.microsoft.playwright.impl.Connection.sendMessage(Connection.java:108)
at com.microsoft.playwright.impl.ChannelOwner.sendMessage(ChannelOwner.java:100)
at com.microsoft.playwright.impl.FrameImpl.hoverImpl(FrameImpl.java:420)
at com.microsoft.playwright.impl.PageImpl.lambda$hover$33(PageImpl.java:805)
at com.microsoft.playwright.impl.LoggingSupport.lambda$withLogging$0(LoggingSupport.java:36)
at com.microsoft.playwright.impl.LoggingSupport.withLogging(LoggingSupport.java:47)
at com.microsoft.playwright.impl.ChannelOwner.withLogging(ChannelOwner.java:85)
at com.microsoft.playwright.impl.LoggingSupport.withLogging(LoggingSupport.java:35)
at com.microsoft.playwright.impl.PageImpl.hover(PageImpl.java:805)
at com.microsoft.playwright.Page.hover(Page.java:4361)
at PageObjects.TaskPage.CreateTaskForAPastDate(TaskPage.java:61)
at taskPage.TestCase_002_1.CreateTaskFoAPastDateTC0024(TestCase_002_1.java:56)
at java.base/jdk.internal.reflect.DirectMethodHandleAccessor.invoke(DirectMethodHandleAccessor.java:104)
at java.base/java.lang.reflect.Method.invoke(Method.java:577)
at org.testng.internal.MethodInvocationHelper.invokeMethod(MethodInvocationHelper.java:133)
at org.testng.internal.TestInvoker.invokeMethod(TestInvoker.java:598)
at org.testng.internal.TestInvoker.invokeTestMethod(TestInvoker.java:173)
at org.testng.internal.MethodRunner.runInSequence(MethodRunner.java:46)
at org.testng.internal.TestInvoker$MethodInvocationAgent.invoke(TestInvoker.java:824)
at org.testng.internal.TestInvoker.invokeTestMethods(TestInvoker.java:146)
at org.testng.internal.TestMethodWorker.invokeTestMethods(TestMethodWorker.java:146)
at org.testng.internal.TestMethodWorker.run(TestMethodWorker.java:128)
at java.base/java.util.ArrayList.forEach(ArrayList.java:1511)
at org.testng.TestRunner.privateRun(TestRunner.java:794)
at org.testng.TestRunner.run(TestRunner.java:596)
at org.testng.SuiteRunner.runTest(SuiteRunner.java:377)
at org.testng.SuiteRunner.runSequentially(SuiteRunner.java:371)
at org.testng.SuiteRunner.privateRun(SuiteRunner.java:332)
at org.testng.SuiteRunner.run(SuiteRunner.java:276)
at org.testng.SuiteRunnerWorker.runSuite(SuiteRunnerWorker.java:53)
at org.testng.SuiteRunnerWorker.run(SuiteRunnerWorker.java:96)
at org.testng.TestNG.runSuitesSequentially(TestNG.java:1212)
at org.testng.TestNG.runSuitesLocally(TestNG.java:1134)
at org.testng.TestNG.runSuites(TestNG.java:1063)
at org.testng.TestNG.run(TestNG.java:1031)
at org.testng.remote.AbstractRemoteTestNG.run(AbstractRemoteTestNG.java:115)
at org.testng.remote.RemoteTestNG.initAndRun(RemoteTestNG.java:251)
at org.testng.remote.RemoteTestNG.main(RemoteTestNG.java:77)
Caused by: com.microsoft.playwright.TimeoutError: Error {
  message='Timeout 30000ms exceeded.
=========================== logs ===========================
waiting for selector "TaskToBeDone"
============================================================
  name='TimeoutError
  stack='TimeoutError: Timeout 30000ms exceeded.
=========================== logs ===========================
waiting for selector "TaskToBeDone"
============================================================
    at ProgressController.run (C:\Users\hp\AppData\Local\Temp\playwright-java-4163475590126211703\package\lib\server\progress.js:96:26)
    at Frame.hover (C:\Users\hp\AppData\Local\Temp\playwright-java-4163475590126211703\package\lib\server\frames.js:1362:23)
    at FrameDispatcher.hover (C:\Users\hp\AppData\Local\Temp\playwright-java-4163475590126211703\package\lib\server\dispatchers\frameDispatcher.js:266:30)
    at DispatcherConnection.dispatch (C:\Users\hp\AppData\Local\Temp\playwright-java-4163475590126211703\package\lib\server\dispatchers\dispatcher.js:397:46)
}
at com.microsoft.playwright.impl.Connection.dispatch(Connection.java:188)
at com.microsoft.playwright.impl.Connection.processOneMessage(Connection.java:170)
at com.microsoft.playwright.impl.ChannelOwner.runUntil(ChannelOwner.java:107)
... 38 more
]]>
    </error>
  </testcase> <!-- CreateTaskFoAPastDateTC0024 -->
  <system-out/>
  <testcase classname="taskPage.TestCase_002_1" name="cancelWhileCreatingANewTAskTC0025" time="2.349"/>
  <system-out/>
  <testcase classname="taskPage.TestCase_002_1" name="editTaskTC0031" time="0.003"/>
  <system-out/>
</testsuite> <!-- taskPage.TestCase_002_1 -->
