<?xml version="1.0" encoding="UTF-8"?>
<!-- Generated by org.testng.reporters.JUnitReportReporter -->
<testsuite hostname="DESKTOP-PQAQEE1" failures="0" tests="5" name="loginPageTest.TestCase_001_1" time="19.429" errors="0" timestamp="2022-09-04T09:32:52 WAT" skipped="0">
  <testcase classname="loginPageTest.TestCase_001_1" name="loginWithValidCredentialsTC_00011" time="10.789"/>
  <system-out/>
  <testcase classname="loginPageTest.TestCase_001_1" name="loginWithinvalidUserNameTC_00012" time="0.234"/>
  <system-out/>
  <testcase classname="loginPageTest.TestCase_001_1" name="loginWithinvalidPasswordTC_00013" time="2.295"/>
  <system-out/>
  <testcase classname="loginPageTest.TestCase_001_1" name="errorMessageTC_00014" time="3.499"/>
  <system-out/>
  <testcase classname="loginPageTest.TestCase_001_1" name="resetPasswordTC_ooo15" time="2.612"/>
  <system-out/>
</testsuite> <!-- loginPageTest.TestCase_001_1 -->
